0 info it worked if it ends with ok
1 verbose cli [ '/usr/local/Cellar/node/7.5.0/bin/node',
1 verbose cli   '/usr/local/bin/npm',
1 verbose cli   'start' ]
2 info using npm@4.1.2
3 info using node@v7.5.0
4 verbose run-script [ 'prestart', 'start', 'poststart' ]
5 info lifecycle LeapChat@0.1.0~prestart: LeapChat@0.1.0
6 silly lifecycle LeapChat@0.1.0~prestart: no script for prestart, continuing
7 info lifecycle LeapChat@0.1.0~start: LeapChat@0.1.0
8 verbose lifecycle LeapChat@0.1.0~start: unsafe-perm in lifecycle true
9 verbose lifecycle LeapChat@0.1.0~start: PATH: /usr/local/lib/node_modules/npm/bin/node-gyp-bin:/Users/MoSho/leapchat/leapchat/node_modules/.bin:/usr/local/bin:/usr/bin:/bin:/usr/sbin:/sbin
10 verbose lifecycle LeapChat@0.1.0~start: CWD: /Users/MoSho/leapchat/leapchat
11 silly lifecycle LeapChat@0.1.0~start: Args: [ '-c', 'npm run build && ./leapchat' ]
12 silly lifecycle LeapChat@0.1.0~start: Returned: code: 1  signal: null
13 info lifecycle LeapChat@0.1.0~start: Failed to exec start script
14 verbose stack Error: LeapChat@0.1.0 start: `npm run build && ./leapchat`
14 verbose stack Exit status 1
14 verbose stack     at EventEmitter.<anonymous> (/usr/local/lib/node_modules/npm/lib/utils/lifecycle.js:279:16)
14 verbose stack     at emitTwo (events.js:106:13)
14 verbose stack     at EventEmitter.emit (events.js:192:7)
14 verbose stack     at ChildProcess.<anonymous> (/usr/local/lib/node_modules/npm/lib/utils/spawn.js:40:14)
14 verbose stack     at emitTwo (events.js:106:13)
14 verbose stack     at ChildProcess.emit (events.js:192:7)
14 verbose stack     at maybeClose (internal/child_process.js:890:16)
14 verbose stack     at Process.ChildProcess._handle.onexit (internal/child_process.js:226:5)
15 verbose pkgid LeapChat@0.1.0
16 verbose cwd /Users/MoSho/leapchat/leapchat/src
17 error Darwin 16.6.0
18 error argv "/usr/local/Cellar/node/7.5.0/bin/node" "/usr/local/bin/npm" "start"
19 error node v7.5.0
20 error npm  v4.1.2
21 error code ELIFECYCLE
22 error LeapChat@0.1.0 start: `npm run build && ./leapchat`
22 error Exit status 1
23 error Failed at the LeapChat@0.1.0 start script 'npm run build && ./leapchat'.
23 error Make sure you have the latest version of node.js and npm installed.
23 error If you do, this is most likely a problem with the LeapChat package,
23 error not with npm itself.
23 error Tell the author that this fails on your system:
23 error     npm run build && ./leapchat
23 error You can get information on how to open an issue for this project with:
23 error     npm bugs LeapChat
23 error Or if that isn't available, you can get their info via:
23 error     npm owner ls LeapChat
23 error There is likely additional logging output above.
24 verbose exit [ 1, true ]
